Analysis & Synthesis report for fsmtec
Fri Feb 17 20:21:18 2023
Quartus II 64-Bit Version 13.0.1 Build 232 06/12/2013 Service Pack 1 SJ Web Edition


---------------------
; Table of Contents ;
---------------------
  1. Legal Notice
  2. Analysis & Synthesis Summary
  3. Analysis & Synthesis Settings
  4. Parallel Compilation
  5. Analysis & Synthesis Source Files Read
  6. Analysis & Synthesis Resource Usage Summary
  7. Analysis & Synthesis Resource Utilization by Entity
  8. User-Specified and Inferred Latches
  9. General Register Statistics
 10. Inverted Register Statistics
 11. Multiplexer Restructuring Statistics (Restructuring Performed)
 12. Parameter Settings for Inferred Entity Instance: separador:inst7|lpm_divide:Mod0
 13. Parameter Settings for Inferred Entity Instance: separador:inst7|lpm_divide:Div0
 14. Parameter Settings for Inferred Entity Instance: operador:inst12|lpm_mult:Mult0
 15. lpm_mult Parameter Settings by Entity Instance
 16. Port Connectivity Checks: "teclado:inst5|controlador:U0|Debouncer:d3"
 17. Port Connectivity Checks: "teclado:inst5|controlador:U0|Debouncer:d2"
 18. Port Connectivity Checks: "teclado:inst5|controlador:U0|Debouncer:d1"
 19. Port Connectivity Checks: "teclado:inst5|controlador:U0|Debouncer:d0"
 20. Elapsed Time Per Partition
 21. Analysis & Synthesis Messages
 22. Analysis & Synthesis Suppressed Messages



----------------
; Legal Notice ;
----------------
Copyright (C) 1991-2013 Altera Corporation
Your use of Altera Corporation's design tools, logic functions 
and other software and tools, and its AMPP partner logic 
functions, and any output files from any of the foregoing 
(including device programming or simulation files), and any 
associated documentation or information are expressly subject 
to the terms and conditions of the Altera Program License 
Subscription Agreement, Altera MegaCore Function License 
Agreement, or other applicable license agreement, including, 
without limitation, that your use is for the sole purpose of 
programming logic devices manufactured by Altera and sold by 
Altera or its authorized distributors.  Please refer to the 
applicable agreement for further details.



+--------------------------------------------------------------------------------------+
; Analysis & Synthesis Summary                                                         ;
+------------------------------------+-------------------------------------------------+
; Analysis & Synthesis Status        ; Successful - Fri Feb 17 20:21:18 2023           ;
; Quartus II 64-Bit Version          ; 13.0.1 Build 232 06/12/2013 SP 1 SJ Web Edition ;
; Revision Name                      ; fsmtec                                          ;
; Top-level Entity Name              ; calculadora                                     ;
; Family                             ; Cyclone II                                      ;
; Total logic elements               ; 539                                             ;
;     Total combinational functions  ; 533                                             ;
;     Dedicated logic registers      ; 130                                             ;
; Total registers                    ; 130                                             ;
; Total pins                         ; 121                                             ;
; Total virtual pins                 ; 0                                               ;
; Total memory bits                  ; 0                                               ;
; Embedded Multiplier 9-bit elements ; 0                                               ;
; Total PLLs                         ; 0                                               ;
+------------------------------------+-------------------------------------------------+


+----------------------------------------------------------------------------------------------------------------------+
; Analysis & Synthesis Settings                                                                                        ;
+----------------------------------------------------------------------------+--------------------+--------------------+
; Option                                                                     ; Setting            ; Default Value      ;
+----------------------------------------------------------------------------+--------------------+--------------------+
; Device                                                                     ; EP2C35F672C6       ;                    ;
; Top-level entity name                                                      ; calculadora        ; fsmtec             ;
; Family name                                                                ; Cyclone II         ; Cyclone IV GX      ;
; Verilog Show LMF Mapping Messages                                          ; Off                ;                    ;
; Verilog Version                                                            ; SystemVerilog_2005 ; Verilog_2001       ;
; Use smart compilation                                                      ; Off                ; Off                ;
; Enable parallel Assembler and TimeQuest Timing Analyzer during compilation ; On                 ; On                 ;
; Enable compact report table                                                ; Off                ; Off                ;
; Restructure Multiplexers                                                   ; Auto               ; Auto               ;
; Create Debugging Nodes for IP Cores                                        ; Off                ; Off                ;
; Preserve fewer node names                                                  ; On                 ; On                 ;
; Disable OpenCore Plus hardware evaluation                                  ; Off                ; Off                ;
; VHDL Version                                                               ; VHDL_1993          ; VHDL_1993          ;
; State Machine Processing                                                   ; Auto               ; Auto               ;
; Safe State Machine                                                         ; Off                ; Off                ;
; Extract Verilog State Machines                                             ; On                 ; On                 ;
; Extract VHDL State Machines                                                ; On                 ; On                 ;
; Ignore Verilog initial constructs                                          ; Off                ; Off                ;
; Iteration limit for constant Verilog loops                                 ; 5000               ; 5000               ;
; Iteration limit for non-constant Verilog loops                             ; 250                ; 250                ;
; Add Pass-Through Logic to Inferred RAMs                                    ; On                 ; On                 ;
; Infer RAMs from Raw Logic                                                  ; On                 ; On                 ;
; Parallel Synthesis                                                         ; On                 ; On                 ;
; DSP Block Balancing                                                        ; Auto               ; Auto               ;
; NOT Gate Push-Back                                                         ; On                 ; On                 ;
; Power-Up Don't Care                                                        ; On                 ; On                 ;
; Remove Redundant Logic Cells                                               ; Off                ; Off                ;
; Remove Duplicate Registers                                                 ; On                 ; On                 ;
; Ignore CARRY Buffers                                                       ; Off                ; Off                ;
; Ignore CASCADE Buffers                                                     ; Off                ; Off                ;
; Ignore GLOBAL Buffers                                                      ; Off                ; Off                ;
; Ignore ROW GLOBAL Buffers                                                  ; Off                ; Off                ;
; Ignore LCELL Buffers                                                       ; Off                ; Off                ;
; Ignore SOFT Buffers                                                        ; On                 ; On                 ;
; Limit AHDL Integers to 32 Bits                                             ; Off                ; Off                ;
; Optimization Technique                                                     ; Balanced           ; Balanced           ;
; Carry Chain Length                                                         ; 70                 ; 70                 ;
; Auto Carry Chains                                                          ; On                 ; On                 ;
; Auto Open-Drain Pins                                                       ; On                 ; On                 ;
; Perform WYSIWYG Primitive Resynthesis                                      ; Off                ; Off                ;
; Auto ROM Replacement                                                       ; On                 ; On                 ;
; Auto RAM Replacement                                                       ; On                 ; On                 ;
; Auto Shift Register Replacement                                            ; Auto               ; Auto               ;
; Allow Shift Register Merging across Hierarchies                            ; Auto               ; Auto               ;
; Auto Clock Enable Replacement                                              ; On                 ; On                 ;
; Strict RAM Replacement                                                     ; Off                ; Off                ;
; Allow Synchronous Control Signals                                          ; On                 ; On                 ;
; Force Use of Synchronous Clear Signals                                     ; Off                ; Off                ;
; Auto RAM to Logic Cell Conversion                                          ; Off                ; Off                ;
; Auto Resource Sharing                                                      ; Off                ; Off                ;
; Allow Any RAM Size For Recognition                                         ; Off                ; Off                ;
; Allow Any ROM Size For Recognition                                         ; Off                ; Off                ;
; Allow Any Shift Register Size For Recognition                              ; Off                ; Off                ;
; Use LogicLock Constraints during Resource Balancing                        ; On                 ; On                 ;
; Ignore translate_off and synthesis_off directives                          ; Off                ; Off                ;
; Timing-Driven Synthesis                                                    ; Off                ; Off                ;
; Report Parameter Settings                                                  ; On                 ; On                 ;
; Report Source Assignments                                                  ; On                 ; On                 ;
; Report Connectivity Checks                                                 ; On                 ; On                 ;
; Ignore Maximum Fan-Out Assignments                                         ; Off                ; Off                ;
; Synchronization Register Chain Length                                      ; 2                  ; 2                  ;
; PowerPlay Power Optimization                                               ; Normal compilation ; Normal compilation ;
; HDL message level                                                          ; Level2             ; Level2             ;
; Suppress Register Optimization Related Messages                            ; Off                ; Off                ;
; Number of Removed Registers Reported in Synthesis Report                   ; 5000               ; 5000               ;
; Number of Swept Nodes Reported in Synthesis Report                         ; 5000               ; 5000               ;
; Number of Inverted Registers Reported in Synthesis Report                  ; 100                ; 100                ;
; Clock MUX Protection                                                       ; On                 ; On                 ;
; Auto Gated Clock Conversion                                                ; Off                ; Off                ;
; Block Design Naming                                                        ; Auto               ; Auto               ;
; SDC constraint protection                                                  ; Off                ; Off                ;
; Synthesis Effort                                                           ; Auto               ; Auto               ;
; Shift Register Replacement - Allow Asynchronous Clear Signal               ; On                 ; On                 ;
; Pre-Mapping Resynthesis Optimization                                       ; Off                ; Off                ;
; Analysis & Synthesis Message Level                                         ; Medium             ; Medium             ;
; Disable Register Merging Across Hierarchies                                ; Auto               ; Auto               ;
; Resource Aware Inference For Block RAM                                     ; On                 ; On                 ;
; Synthesis Seed                                                             ; 1                  ; 1                  ;
+----------------------------------------------------------------------------+--------------------+--------------------+


Parallel compilation was disabled, but you have multiple processors available. Enable parallel compilation to reduce compilation time.
+-------------------------------------+
; Parallel Compilation                ;
+----------------------------+--------+
; Processors                 ; Number ;
+----------------------------+--------+
; Number detected on machine ; 12     ;
; Maximum allowed            ; 1      ;
+----------------------------+--------+


+---------------------------------------------------------------------------------------------------------------------------------------------------------------------------------------------+
; Analysis & Synthesis Source Files Read                                                                                                                                                      ;
+----------------------------------+-----------------+------------------------------------+-----------------------------------------------------------------------------------------+---------+
; File Name with User-Entered Path ; Used in Netlist ; File Type                          ; File Name with Absolute Path                                                            ; Library ;
+----------------------------------+-----------------+------------------------------------+-----------------------------------------------------------------------------------------+---------+
; ROM.v                            ; yes             ; User Verilog HDL File              ; /home/will/Documents/UnB/Disciplinas/LCL/projeto/Projeto_A10/ROM.v                      ;         ;
; separador.v                      ; yes             ; User Verilog HDL File              ; /home/will/Documents/UnB/Disciplinas/LCL/projeto/Projeto_A10/separador.v                ;         ;
; operador.v                       ; yes             ; User Verilog HDL File              ; /home/will/Documents/UnB/Disciplinas/LCL/projeto/Projeto_A10/operador.v                 ;         ;
; maquina.bdf                      ; yes             ; User Block Diagram/Schematic File  ; /home/will/Documents/UnB/Disciplinas/LCL/projeto/Projeto_A10/maquina.bdf                ;         ;
; decoder_sinal.v                  ; yes             ; User Verilog HDL File              ; /home/will/Documents/UnB/Disciplinas/LCL/projeto/Projeto_A10/decoder_sinal.v            ;         ;
; decoder_OP.v                     ; yes             ; User Verilog HDL File              ; /home/will/Documents/UnB/Disciplinas/LCL/projeto/Projeto_A10/decoder_OP.v               ;         ;
; decoder7.v                       ; yes             ; User Verilog HDL File              ; /home/will/Documents/UnB/Disciplinas/LCL/projeto/Projeto_A10/decoder7.v                 ;         ;
; teclado.v                        ; yes             ; User Verilog HDL File              ; /home/will/Documents/UnB/Disciplinas/LCL/projeto/Projeto_A10/teclado.v                  ;         ;
; calculadora.bdf                  ; yes             ; User Block Diagram/Schematic File  ; /home/will/Documents/UnB/Disciplinas/LCL/projeto/Projeto_A10/calculadora.bdf            ;         ;
; lpm_divide.tdf                   ; yes             ; Megafunction                       ; /home/quartus/libraries/megafunctions/lpm_divide.tdf                                    ;         ;
; abs_divider.inc                  ; yes             ; Megafunction                       ; /home/quartus/libraries/megafunctions/abs_divider.inc                                   ;         ;
; sign_div_unsign.inc              ; yes             ; Megafunction                       ; /home/quartus/libraries/megafunctions/sign_div_unsign.inc                               ;         ;
; aglobal130.inc                   ; yes             ; Megafunction                       ; /home/quartus/libraries/megafunctions/aglobal130.inc                                    ;         ;
; db/lpm_divide_45m.tdf            ; yes             ; Auto-Generated Megafunction        ; /home/will/Documents/UnB/Disciplinas/LCL/projeto/Projeto_A10/db/lpm_divide_45m.tdf      ;         ;
; db/sign_div_unsign_bkh.tdf       ; yes             ; Auto-Generated Megafunction        ; /home/will/Documents/UnB/Disciplinas/LCL/projeto/Projeto_A10/db/sign_div_unsign_bkh.tdf ;         ;
; db/alt_u_div_ove.tdf             ; yes             ; Auto-Generated Megafunction        ; /home/will/Documents/UnB/Disciplinas/LCL/projeto/Projeto_A10/db/alt_u_div_ove.tdf       ;         ;
; db/add_sub_lkc.tdf               ; yes             ; Auto-Generated Megafunction        ; /home/will/Documents/UnB/Disciplinas/LCL/projeto/Projeto_A10/db/add_sub_lkc.tdf         ;         ;
; db/add_sub_mkc.tdf               ; yes             ; Auto-Generated Megafunction        ; /home/will/Documents/UnB/Disciplinas/LCL/projeto/Projeto_A10/db/add_sub_mkc.tdf         ;         ;
; db/lpm_divide_eem.tdf            ; yes             ; Auto-Generated Megafunction        ; /home/will/Documents/UnB/Disciplinas/LCL/projeto/Projeto_A10/db/lpm_divide_eem.tdf      ;         ;
; db/sign_div_unsign_olh.tdf       ; yes             ; Auto-Generated Megafunction        ; /home/will/Documents/UnB/Disciplinas/LCL/projeto/Projeto_A10/db/sign_div_unsign_olh.tdf ;         ;
; db/alt_u_div_i2f.tdf             ; yes             ; Auto-Generated Megafunction        ; /home/will/Documents/UnB/Disciplinas/LCL/projeto/Projeto_A10/db/alt_u_div_i2f.tdf       ;         ;
; lpm_mult.tdf                     ; yes             ; Megafunction                       ; /home/quartus/libraries/megafunctions/lpm_mult.tdf                                      ;         ;
; lpm_add_sub.inc                  ; yes             ; Megafunction                       ; /home/quartus/libraries/megafunctions/lpm_add_sub.inc                                   ;         ;
; multcore.inc                     ; yes             ; Megafunction                       ; /home/quartus/libraries/megafunctions/multcore.inc                                      ;         ;
; bypassff.inc                     ; yes             ; Megafunction                       ; /home/quartus/libraries/megafunctions/bypassff.inc                                      ;         ;
; altshift.inc                     ; yes             ; Megafunction                       ; /home/quartus/libraries/megafunctions/altshift.inc                                      ;         ;
; db/mult_14t.tdf                  ; yes             ; Auto-Generated Megafunction        ; /home/will/Documents/UnB/Disciplinas/LCL/projeto/Projeto_A10/db/mult_14t.tdf            ;         ;
+----------------------------------+-----------------+------------------------------------+-----------------------------------------------------------------------------------------+---------+


+--------------------------------------------------------+
; Analysis & Synthesis Resource Usage Summary            ;
+---------------------------------------------+----------+
; Resource                                    ; Usage    ;
+---------------------------------------------+----------+
; Estimated Total logic elements              ; 539      ;
;                                             ;          ;
; Total combinational functions               ; 533      ;
; Logic element usage by number of LUT inputs ;          ;
;     -- 4 input functions                    ; 134      ;
;     -- 3 input functions                    ; 182      ;
;     -- <=2 input functions                  ; 217      ;
;                                             ;          ;
; Logic elements by mode                      ;          ;
;     -- normal mode                          ; 342      ;
;     -- arithmetic mode                      ; 191      ;
;                                             ;          ;
; Total registers                             ; 130      ;
;     -- Dedicated logic registers            ; 130      ;
;     -- I/O registers                        ; 0        ;
;                                             ;          ;
; I/O pins                                    ; 121      ;
; Embedded Multiplier 9-bit elements          ; 0        ;
; Maximum fan-out node                        ; CLOCK_50 ;
; Maximum fan-out                             ; 130      ;
; Total fan-out                               ; 1896     ;
; Average fan-out                             ; 2.42     ;
+---------------------------------------------+----------+


+-----------------------------------------------------------------------------------------------------------------------------------------------------------------------------------------------------------------------------------------------------------------------------------------------------+
; Analysis & Synthesis Resource Utilization by Entity                                                                                                                                                                                                                                                 ;
+-------------------------------------------+-------------------+--------------+-------------+--------------+---------+-----------+------+--------------+------------------------------------------------------------------------------------------------------------------------------+--------------+
; Compilation Hierarchy Node                ; LC Combinationals ; LC Registers ; Memory Bits ; DSP Elements ; DSP 9x9 ; DSP 18x18 ; Pins ; Virtual Pins ; Full Hierarchy Name                                                                                                          ; Library Name ;
+-------------------------------------------+-------------------+--------------+-------------+--------------+---------+-----------+------+--------------+------------------------------------------------------------------------------------------------------------------------------+--------------+
; |calculadora                              ; 533 (0)           ; 130 (0)      ; 0           ; 0            ; 0       ; 0         ; 121  ; 0            ; |calculadora                                                                                                                 ; work         ;
;    |decoder7:inst10|                      ; 7 (7)             ; 0 (0)        ; 0           ; 0            ; 0       ; 0         ; 0    ; 0            ; |calculadora|decoder7:inst10                                                                                                 ; work         ;
;    |decoder7:inst2|                       ; 7 (7)             ; 0 (0)        ; 0           ; 0            ; 0       ; 0         ; 0    ; 0            ; |calculadora|decoder7:inst2                                                                                                  ; work         ;
;    |decoder7:inst3|                       ; 7 (7)             ; 0 (0)        ; 0           ; 0            ; 0       ; 0         ; 0    ; 0            ; |calculadora|decoder7:inst3                                                                                                  ; work         ;
;    |decoder7:inst9|                       ; 7 (7)             ; 0 (0)        ; 0           ; 0            ; 0       ; 0         ; 0    ; 0            ; |calculadora|decoder7:inst9                                                                                                  ; work         ;
;    |decoder_OP:inst4|                     ; 2 (2)             ; 0 (0)        ; 0           ; 0            ; 0       ; 0         ; 0    ; 0            ; |calculadora|decoder_OP:inst4                                                                                                ; work         ;
;    |maquina:inst|                         ; 38 (0)            ; 2 (2)        ; 0           ; 0            ; 0       ; 0         ; 0    ; 0            ; |calculadora|maquina:inst                                                                                                    ; work         ;
;       |ROM:inst1|                         ; 38 (38)           ; 0 (0)        ; 0           ; 0            ; 0       ; 0         ; 0    ; 0            ; |calculadora|maquina:inst|ROM:inst1                                                                                          ; work         ;
;    |operador:inst12|                      ; 64 (34)           ; 0 (0)        ; 0           ; 0            ; 0       ; 0         ; 0    ; 0            ; |calculadora|operador:inst12                                                                                                 ; work         ;
;       |lpm_mult:Mult0|                    ; 30 (0)            ; 0 (0)        ; 0           ; 0            ; 0       ; 0         ; 0    ; 0            ; |calculadora|operador:inst12|lpm_mult:Mult0                                                                                  ; work         ;
;          |mult_14t:auto_generated|        ; 30 (30)           ; 0 (0)        ; 0           ; 0            ; 0       ; 0         ; 0    ; 0            ; |calculadora|operador:inst12|lpm_mult:Mult0|mult_14t:auto_generated                                                          ; work         ;
;    |separador:inst7|                      ; 174 (23)          ; 0 (0)        ; 0           ; 0            ; 0       ; 0         ; 0    ; 0            ; |calculadora|separador:inst7                                                                                                 ; work         ;
;       |lpm_divide:Div0|                   ; 92 (0)            ; 0 (0)        ; 0           ; 0            ; 0       ; 0         ; 0    ; 0            ; |calculadora|separador:inst7|lpm_divide:Div0                                                                                 ; work         ;
;          |lpm_divide_eem:auto_generated|  ; 92 (0)            ; 0 (0)        ; 0           ; 0            ; 0       ; 0         ; 0    ; 0            ; |calculadora|separador:inst7|lpm_divide:Div0|lpm_divide_eem:auto_generated                                                   ; work         ;
;             |sign_div_unsign_olh:divider| ; 92 (0)            ; 0 (0)        ; 0           ; 0            ; 0       ; 0         ; 0    ; 0            ; |calculadora|separador:inst7|lpm_divide:Div0|lpm_divide_eem:auto_generated|sign_div_unsign_olh:divider                       ; work         ;
;                |alt_u_div_i2f:divider|    ; 92 (92)           ; 0 (0)        ; 0           ; 0            ; 0       ; 0         ; 0    ; 0            ; |calculadora|separador:inst7|lpm_divide:Div0|lpm_divide_eem:auto_generated|sign_div_unsign_olh:divider|alt_u_div_i2f:divider ; work         ;
;       |lpm_divide:Mod0|                   ; 59 (0)            ; 0 (0)        ; 0           ; 0            ; 0       ; 0         ; 0    ; 0            ; |calculadora|separador:inst7|lpm_divide:Mod0                                                                                 ; work         ;
;          |lpm_divide_45m:auto_generated|  ; 59 (0)            ; 0 (0)        ; 0           ; 0            ; 0       ; 0         ; 0    ; 0            ; |calculadora|separador:inst7|lpm_divide:Mod0|lpm_divide_45m:auto_generated                                                   ; work         ;
;             |sign_div_unsign_bkh:divider| ; 59 (0)            ; 0 (0)        ; 0           ; 0            ; 0       ; 0         ; 0    ; 0            ; |calculadora|separador:inst7|lpm_divide:Mod0|lpm_divide_45m:auto_generated|sign_div_unsign_bkh:divider                       ; work         ;
;                |alt_u_div_ove:divider|    ; 59 (59)           ; 0 (0)        ; 0           ; 0            ; 0       ; 0         ; 0    ; 0            ; |calculadora|separador:inst7|lpm_divide:Mod0|lpm_divide_45m:auto_generated|sign_div_unsign_bkh:divider|alt_u_div_ove:divider ; work         ;
;    |teclado:inst5|                        ; 227 (0)           ; 128 (0)      ; 0           ; 0            ; 0       ; 0         ; 0    ; 0            ; |calculadora|teclado:inst5                                                                                                   ; work         ;
;       |controlador:U0|                    ; 227 (59)          ; 128 (40)     ; 0           ; 0            ; 0       ; 0         ; 0    ; 0            ; |calculadora|teclado:inst5|controlador:U0                                                                                    ; work         ;
;          |Debouncer:d0|                   ; 42 (42)           ; 22 (22)      ; 0           ; 0            ; 0       ; 0         ; 0    ; 0            ; |calculadora|teclado:inst5|controlador:U0|Debouncer:d0                                                                       ; work         ;
;          |Debouncer:d1|                   ; 42 (42)           ; 22 (22)      ; 0           ; 0            ; 0       ; 0         ; 0    ; 0            ; |calculadora|teclado:inst5|controlador:U0|Debouncer:d1                                                                       ; work         ;
;          |Debouncer:d2|                   ; 42 (42)           ; 22 (22)      ; 0           ; 0            ; 0       ; 0         ; 0    ; 0            ; |calculadora|teclado:inst5|controlador:U0|Debouncer:d2                                                                       ; work         ;
;          |Debouncer:d3|                   ; 42 (42)           ; 22 (22)      ; 0           ; 0            ; 0       ; 0         ; 0    ; 0            ; |calculadora|teclado:inst5|controlador:U0|Debouncer:d3                                                                       ; work         ;
+-------------------------------------------+-------------------+--------------+-------------+--------------+---------+-----------+------+--------------+------------------------------------------------------------------------------------------------------------------------------+--------------+
Note: For table entries with two numbers listed, the numbers in parentheses indicate the number of resources of the given type used by the specific entity alone. The numbers listed outside of parentheses indicate the total resources of the given type used by the specific entity and all of its sub-entities in the hierarchy.


+-------------------------------------------------------------------------------------------------------------+
; User-Specified and Inferred Latches                                                                         ;
+-----------------------------------------------------+------------------------------+------------------------+
; Latch Name                                          ; Latch Enable Signal          ; Free of Timing Hazards ;
+-----------------------------------------------------+------------------------------+------------------------+
; operador:inst12|result[0]                           ; operador:inst12|result[7]    ; yes                    ;
; operador:inst12|result[1]                           ; operador:inst12|result[7]    ; yes                    ;
; operador:inst12|result[7]                           ; operador:inst12|result[7]    ; yes                    ;
; operador:inst12|result[2]                           ; operador:inst12|result[7]    ; yes                    ;
; operador:inst12|result[3]                           ; operador:inst12|result[7]    ; yes                    ;
; maquina:inst|ROM:inst1|N2[0]                        ; maquina:inst|ROM:inst1|Mux12 ; yes                    ;
; maquina:inst|ROM:inst1|N2[1]                        ; maquina:inst|ROM:inst1|Mux12 ; yes                    ;
; maquina:inst|ROM:inst1|N2[2]                        ; maquina:inst|ROM:inst1|Mux12 ; yes                    ;
; maquina:inst|ROM:inst1|N2[3]                        ; maquina:inst|ROM:inst1|Mux12 ; yes                    ;
; maquina:inst|ROM:inst1|N1[0]                        ; maquina:inst|ROM:inst1|N1[0] ; yes                    ;
; maquina:inst|ROM:inst1|N1[1]                        ; maquina:inst|ROM:inst1|N1[0] ; yes                    ;
; maquina:inst|ROM:inst1|N1[2]                        ; maquina:inst|ROM:inst1|N1[0] ; yes                    ;
; maquina:inst|ROM:inst1|N1[3]                        ; maquina:inst|ROM:inst1|N1[0] ; yes                    ;
; maquina:inst|ROM:inst1|S                            ; maquina:inst|ROM:inst1|S     ; yes                    ;
; maquina:inst|ROM:inst1|OP[1]                        ; maquina:inst|ROM:inst1|OP[2] ; yes                    ;
; maquina:inst|ROM:inst1|OP[2]                        ; maquina:inst|ROM:inst1|OP[2] ; yes                    ;
; maquina:inst|ROM:inst1|OP[3]                        ; maquina:inst|ROM:inst1|OP[2] ; yes                    ;
; maquina:inst|ROM:inst1|OP[0]                        ; maquina:inst|ROM:inst1|OP[2] ; yes                    ;
; maquina:inst|ROM:inst1|E                            ; maquina:inst|ROM:inst1|Mux2  ; yes                    ;
; maquina:inst|ROM:inst1|next[0]                      ; VCC                          ; yes                    ;
; maquina:inst|ROM:inst1|next[1]                      ; VCC                          ; yes                    ;
; operador:inst12|result[4]                           ; operador:inst12|result[7]    ; yes                    ;
; operador:inst12|result[5]                           ; operador:inst12|result[7]    ; yes                    ;
; operador:inst12|result[6]                           ; operador:inst12|result[7]    ; yes                    ;
; Number of user-specified and inferred latches = 24  ;                              ;                        ;
+-----------------------------------------------------+------------------------------+------------------------+
Note: All latches listed above may not be present at the end of synthesis due to various synthesis optimizations.


+------------------------------------------------------+
; General Register Statistics                          ;
+----------------------------------------------+-------+
; Statistic                                    ; Value ;
+----------------------------------------------+-------+
; Total registers                              ; 130   ;
; Number of registers using Synchronous Clear  ; 32    ;
; Number of registers using Synchronous Load   ; 0     ;
; Number of registers using Asynchronous Clear ; 2     ;
; Number of registers using Asynchronous Load  ; 0     ;
; Number of registers using Clock Enable       ; 84    ;
; Number of registers using Preset             ; 0     ;
+----------------------------------------------+-------+


+--------------------------------------------------+
; Inverted Register Statistics                     ;
+----------------------------------------+---------+
; Inverted Register                      ; Fan out ;
+----------------------------------------+---------+
; teclado:inst5|controlador:U0|linha[0]  ; 4       ;
; Total number of inverted registers = 1 ;         ;
+----------------------------------------+---------+


+----------------------------------------------------------------------------------------------------------------------------------------------------------------------------------+
; Multiplexer Restructuring Statistics (Restructuring Performed)                                                                                                                   ;
+--------------------+-----------+---------------+----------------------+------------------------+------------+--------------------------------------------------------------------+
; Multiplexer Inputs ; Bus Width ; Baseline Area ; Area if Restructured ; Saving if Restructured ; Registered ; Example Multiplexer Output                                         ;
+--------------------+-----------+---------------+----------------------+------------------------+------------+--------------------------------------------------------------------+
; 3:1                ; 19 bits   ; 38 LEs        ; 19 LEs               ; 19 LEs                 ; Yes        ; |calculadora|teclado:inst5|controlador:U0|Debouncer:d0|Counter[15] ;
; 3:1                ; 19 bits   ; 38 LEs        ; 19 LEs               ; 19 LEs                 ; Yes        ; |calculadora|teclado:inst5|controlador:U0|Debouncer:d1|Counter[15] ;
; 3:1                ; 19 bits   ; 38 LEs        ; 19 LEs               ; 19 LEs                 ; Yes        ; |calculadora|teclado:inst5|controlador:U0|Debouncer:d2|Counter[16] ;
; 3:1                ; 19 bits   ; 38 LEs        ; 19 LEs               ; 19 LEs                 ; Yes        ; |calculadora|teclado:inst5|controlador:U0|Debouncer:d3|Counter[17] ;
; 256:1              ; 4 bits    ; 680 LEs       ; 40 LEs               ; 640 LEs                ; Yes        ; |calculadora|teclado:inst5|controlador:U0|tecla[3]                 ;
; 3:1                ; 3 bits    ; 6 LEs         ; 6 LEs                ; 0 LEs                  ; No         ; |calculadora|operador:inst12|Mux2                                  ;
; 3:1                ; 5 bits    ; 10 LEs        ; 10 LEs               ; 0 LEs                  ; No         ; |calculadora|operador:inst12|Mux7                                  ;
+--------------------+-----------+---------------+----------------------+------------------------+------------+--------------------------------------------------------------------+


+----------------------------------------------------------------------------------+
; Parameter Settings for Inferred Entity Instance: separador:inst7|lpm_divide:Mod0 ;
+------------------------+----------------+----------------------------------------+
; Parameter Name         ; Value          ; Type                                   ;
+------------------------+----------------+----------------------------------------+
; LPM_WIDTHN             ; 8              ; Untyped                                ;
; LPM_WIDTHD             ; 4              ; Untyped                                ;
; LPM_NREPRESENTATION    ; UNSIGNED       ; Untyped                                ;
; LPM_DREPRESENTATION    ; UNSIGNED       ; Untyped                                ;
; LPM_PIPELINE           ; 0              ; Untyped                                ;
; LPM_REMAINDERPOSITIVE  ; TRUE           ; Untyped                                ;
; MAXIMIZE_SPEED         ; 5              ; Untyped                                ;
; CBXI_PARAMETER         ; lpm_divide_45m ; Untyped                                ;
; CARRY_CHAIN            ; MANUAL         ; Untyped                                ;
; OPTIMIZE_FOR_SPEED     ; 5              ; Untyped                                ;
; AUTO_CARRY_CHAINS      ; ON             ; AUTO_CARRY                             ;
; IGNORE_CARRY_BUFFERS   ; OFF            ; IGNORE_CARRY                           ;
; AUTO_CASCADE_CHAINS    ; ON             ; AUTO_CASCADE                           ;
; IGNORE_CASCADE_BUFFERS ; OFF            ; IGNORE_CASCADE                         ;
+------------------------+----------------+----------------------------------------+
Note: In order to hide this table in the UI and the text report file, please set the "Show Parameter Settings in Synthesis Report" option in "Analysis and Synthesis Settings -> More Settings" to "Off".


+----------------------------------------------------------------------------------+
; Parameter Settings for Inferred Entity Instance: separador:inst7|lpm_divide:Div0 ;
+------------------------+----------------+----------------------------------------+
; Parameter Name         ; Value          ; Type                                   ;
+------------------------+----------------+----------------------------------------+
; LPM_WIDTHN             ; 32             ; Untyped                                ;
; LPM_WIDTHD             ; 4              ; Untyped                                ;
; LPM_NREPRESENTATION    ; UNSIGNED       ; Untyped                                ;
; LPM_DREPRESENTATION    ; UNSIGNED       ; Untyped                                ;
; LPM_PIPELINE           ; 0              ; Untyped                                ;
; LPM_REMAINDERPOSITIVE  ; TRUE           ; Untyped                                ;
; MAXIMIZE_SPEED         ; 5              ; Untyped                                ;
; CBXI_PARAMETER         ; lpm_divide_eem ; Untyped                                ;
; CARRY_CHAIN            ; MANUAL         ; Untyped                                ;
; OPTIMIZE_FOR_SPEED     ; 5              ; Untyped                                ;
; AUTO_CARRY_CHAINS      ; ON             ; AUTO_CARRY                             ;
; IGNORE_CARRY_BUFFERS   ; OFF            ; IGNORE_CARRY                           ;
; AUTO_CASCADE_CHAINS    ; ON             ; AUTO_CASCADE                           ;
; IGNORE_CASCADE_BUFFERS ; OFF            ; IGNORE_CASCADE                         ;
+------------------------+----------------+----------------------------------------+
Note: In order to hide this table in the UI and the text report file, please set the "Show Parameter Settings in Synthesis Report" option in "Analysis and Synthesis Settings -> More Settings" to "Off".


+-----------------------------------------------------------------------------------+
; Parameter Settings for Inferred Entity Instance: operador:inst12|lpm_mult:Mult0   ;
+------------------------------------------------+------------+---------------------+
; Parameter Name                                 ; Value      ; Type                ;
+------------------------------------------------+------------+---------------------+
; AUTO_CARRY_CHAINS                              ; ON         ; AUTO_CARRY          ;
; IGNORE_CARRY_BUFFERS                           ; OFF        ; IGNORE_CARRY        ;
; AUTO_CASCADE_CHAINS                            ; ON         ; AUTO_CASCADE        ;
; IGNORE_CASCADE_BUFFERS                         ; OFF        ; IGNORE_CASCADE      ;
; LPM_WIDTHA                                     ; 4          ; Untyped             ;
; LPM_WIDTHB                                     ; 4          ; Untyped             ;
; LPM_WIDTHP                                     ; 8          ; Untyped             ;
; LPM_WIDTHR                                     ; 8          ; Untyped             ;
; LPM_WIDTHS                                     ; 1          ; Untyped             ;
; LPM_REPRESENTATION                             ; UNSIGNED   ; Untyped             ;
; LPM_PIPELINE                                   ; 0          ; Untyped             ;
; LATENCY                                        ; 0          ; Untyped             ;
; INPUT_A_IS_CONSTANT                            ; NO         ; Untyped             ;
; INPUT_B_IS_CONSTANT                            ; NO         ; Untyped             ;
; USE_EAB                                        ; OFF        ; Untyped             ;
; MAXIMIZE_SPEED                                 ; 5          ; Untyped             ;
; DEVICE_FAMILY                                  ; Cyclone II ; Untyped             ;
; CARRY_CHAIN                                    ; MANUAL     ; Untyped             ;
; APEX20K_TECHNOLOGY_MAPPER                      ; LUT        ; TECH_MAPPER_APEX20K ;
; DEDICATED_MULTIPLIER_CIRCUITRY                 ; AUTO       ; Untyped             ;
; DEDICATED_MULTIPLIER_MIN_INPUT_WIDTH_FOR_AUTO  ; 0          ; Untyped             ;
; DEDICATED_MULTIPLIER_MIN_OUTPUT_WIDTH_FOR_AUTO ; 0          ; Untyped             ;
; CBXI_PARAMETER                                 ; mult_14t   ; Untyped             ;
; INPUT_A_FIXED_VALUE                            ; Bx         ; Untyped             ;
; INPUT_B_FIXED_VALUE                            ; Bx         ; Untyped             ;
; USE_AHDL_IMPLEMENTATION                        ; OFF        ; Untyped             ;
+------------------------------------------------+------------+---------------------+
Note: In order to hide this table in the UI and the text report file, please set the "Show Parameter Settings in Synthesis Report" option in "Analysis and Synthesis Settings -> More Settings" to "Off".


+------------------------------------------------------------------------+
; lpm_mult Parameter Settings by Entity Instance                         ;
+---------------------------------------+--------------------------------+
; Name                                  ; Value                          ;
+---------------------------------------+--------------------------------+
; Number of entity instances            ; 1                              ;
; Entity Instance                       ; operador:inst12|lpm_mult:Mult0 ;
;     -- LPM_WIDTHA                     ; 4                              ;
;     -- LPM_WIDTHB                     ; 4                              ;
;     -- LPM_WIDTHP                     ; 8                              ;
;     -- LPM_REPRESENTATION             ; UNSIGNED                       ;
;     -- INPUT_A_IS_CONSTANT            ; NO                             ;
;     -- INPUT_B_IS_CONSTANT            ; NO                             ;
;     -- USE_EAB                        ; OFF                            ;
;     -- DEDICATED_MULTIPLIER_CIRCUITRY ; AUTO                           ;
;     -- INPUT_A_FIXED_VALUE            ; Bx                             ;
;     -- INPUT_B_FIXED_VALUE            ; Bx                             ;
+---------------------------------------+--------------------------------+


+-----------------------------------------------------------------------+
; Port Connectivity Checks: "teclado:inst5|controlador:U0|Debouncer:d3" ;
+--------+--------+----------+------------------------------------------+
; Port   ; Type   ; Severity ; Details                                  ;
+--------+--------+----------+------------------------------------------+
; oPulse ; Output ; Info     ; Explicitly unconnected                   ;
+--------+--------+----------+------------------------------------------+


+-----------------------------------------------------------------------+
; Port Connectivity Checks: "teclado:inst5|controlador:U0|Debouncer:d2" ;
+--------+--------+----------+------------------------------------------+
; Port   ; Type   ; Severity ; Details                                  ;
+--------+--------+----------+------------------------------------------+
; oPulse ; Output ; Info     ; Explicitly unconnected                   ;
+--------+--------+----------+------------------------------------------+


+-----------------------------------------------------------------------+
; Port Connectivity Checks: "teclado:inst5|controlador:U0|Debouncer:d1" ;
+--------+--------+----------+------------------------------------------+
; Port   ; Type   ; Severity ; Details                                  ;
+--------+--------+----------+------------------------------------------+
; oPulse ; Output ; Info     ; Explicitly unconnected                   ;
+--------+--------+----------+------------------------------------------+


+-----------------------------------------------------------------------+
; Port Connectivity Checks: "teclado:inst5|controlador:U0|Debouncer:d0" ;
+--------+--------+----------+------------------------------------------+
; Port   ; Type   ; Severity ; Details                                  ;
+--------+--------+----------+------------------------------------------+
; oPulse ; Output ; Info     ; Explicitly unconnected                   ;
+--------+--------+----------+------------------------------------------+


+-------------------------------+
; Elapsed Time Per Partition    ;
+----------------+--------------+
; Partition Name ; Elapsed Time ;
+----------------+--------------+
; Top            ; 00:00:00     ;
+----------------+--------------+


+-------------------------------+
; Analysis & Synthesis Messages ;
+-------------------------------+
Info: *******************************************************************
Info: Running Quartus II 64-Bit Analysis & Synthesis
    Info: Version 13.0.1 Build 232 06/12/2013 Service Pack 1 SJ Web Edition
    Info: Processing started: Fri Feb 17 20:21:16 2023
Info: Command: quartus_map --read_settings_files=on --write_settings_files=off fsmtec -c fsmtec
Warning (20028): Parallel compilation is not licensed and has been disabled
Info (12021): Found 1 design units, including 1 entities, in source file ROM.v
    Info (12023): Found entity 1: ROM
Info (12021): Found 1 design units, including 1 entities, in source file separador.v
    Info (12023): Found entity 1: separador
Info (12021): Found 1 design units, including 1 entities, in source file operador.v
    Info (12023): Found entity 1: operador
Info (12021): Found 1 design units, including 1 entities, in source file maquina.bdf
    Info (12023): Found entity 1: maquina
Info (12021): Found 1 design units, including 1 entities, in source file decoder_sinal.v
    Info (12023): Found entity 1: decoder_sinal
Info (12021): Found 1 design units, including 1 entities, in source file decoder_OP.v
    Info (12023): Found entity 1: decoder_OP
Info (12021): Found 1 design units, including 1 entities, in source file decoder7.v
    Info (12023): Found entity 1: decoder7
Info (12021): Found 3 design units, including 3 entities, in source file teclado.v
    Info (12023): Found entity 1: teclado
    Info (12023): Found entity 2: controlador
    Info (12023): Found entity 3: Debouncer
Info (12021): Found 1 design units, including 1 entities, in source file calculadora.bdf
    Info (12023): Found entity 1: calculadora
Info (12127): Elaborating entity "calculadora" for the top level hierarchy
Info (12128): Elaborating entity "teclado" for hierarchy "teclado:inst5"
Info (12128): Elaborating entity "controlador" for hierarchy "teclado:inst5|controlador:U0"
Info (12128): Elaborating entity "Debouncer" for hierarchy "teclado:inst5|controlador:U0|Debouncer:d0"
Info (12128): Elaborating entity "decoder7" for hierarchy "decoder7:inst10"
Info (12128): Elaborating entity "separador" for hierarchy "separador:inst7"
Warning (10230): Verilog HDL assignment warning at separador.v(15): truncated value with size 32 to match size of target (8)
Warning (10230): Verilog HDL assignment warning at separador.v(20): truncated value with size 32 to match size of target (4)
Warning (10230): Verilog HDL assignment warning at separador.v(21): truncated value with size 32 to match size of target (4)
Info (12128): Elaborating entity "operador" for hierarchy "operador:inst12"
Warning (10270): Verilog HDL Case Statement warning at operador.v(25): incomplete case statement has no default case item
Warning (10240): Verilog HDL Always Construct warning at operador.v(18): inferring latch(es) for variable "result", which holds its previous value in one or more paths through the always construct
Info (10041): Inferred latch for "result[0]" at operador.v(23)
Info (10041): Inferred latch for "result[1]" at operador.v(23)
Info (10041): Inferred latch for "result[2]" at operador.v(23)
Info (10041): Inferred latch for "result[3]" at operador.v(23)
Info (10041): Inferred latch for "result[4]" at operador.v(23)
Info (10041): Inferred latch for "result[5]" at operador.v(23)
Info (10041): Inferred latch for "result[6]" at operador.v(23)
Info (10041): Inferred latch for "result[7]" at operador.v(23)
Info (12128): Elaborating entity "maquina" for hierarchy "maquina:inst"
Info (12128): Elaborating entity "ROM" for hierarchy "maquina:inst|ROM:inst1"
Warning (10270): Verilog HDL Case Statement warning at ROM.v(41): incomplete case statement has no default case item
Warning (10270): Verilog HDL Case Statement warning at ROM.v(65): incomplete case statement has no default case item
Warning (10270): Verilog HDL Case Statement warning at ROM.v(90): incomplete case statement has no default case item
Warning (10270): Verilog HDL Case Statement warning at ROM.v(114): incomplete case statement has no default case item
Warning (10240): Verilog HDL Always Construct warning at ROM.v(27): inferring latch(es) for variable "N1", which holds its previous value in one or more paths through the always construct
Warning (10240): Verilog HDL Always Construct warning at ROM.v(27): inferring latch(es) for variable "OP", which holds its previous value in one or more paths through the always construct
Warning (10240): Verilog HDL Always Construct warning at ROM.v(27): inferring latch(es) for variable "N2", which holds its previous value in one or more paths through the always construct
Warning (10240): Verilog HDL Always Construct warning at ROM.v(27): inferring latch(es) for variable "E", which holds its previous value in one or more paths through the always construct
Warning (10240): Verilog HDL Always Construct warning at ROM.v(27): inferring latch(es) for variable "next", which holds its previous value in one or more paths through the always construct
Warning (10240): Verilog HDL Always Construct warning at ROM.v(27): inferring latch(es) for variable "S", which holds its previous value in one or more paths through the always construct
Info (10041): Inferred latch for "S" at ROM.v(27)
Info (10041): Inferred latch for "E" at ROM.v(27)
Info (10041): Inferred latch for "N2[0]" at ROM.v(27)
Info (10041): Inferred latch for "N2[1]" at ROM.v(27)
Info (10041): Inferred latch for "N2[2]" at ROM.v(27)
Info (10041): Inferred latch for "N2[3]" at ROM.v(27)
Info (10041): Inferred latch for "OP[0]" at ROM.v(27)
Info (10041): Inferred latch for "OP[1]" at ROM.v(27)
Info (10041): Inferred latch for "OP[2]" at ROM.v(27)
Info (10041): Inferred latch for "OP[3]" at ROM.v(27)
Info (10041): Inferred latch for "N1[0]" at ROM.v(27)
Info (10041): Inferred latch for "N1[1]" at ROM.v(27)
Info (10041): Inferred latch for "N1[2]" at ROM.v(27)
Info (10041): Inferred latch for "N1[3]" at ROM.v(27)
Info (10041): Inferred latch for "next[0]" at ROM.v(38)
Info (10041): Inferred latch for "next[1]" at ROM.v(38)
Info (12128): Elaborating entity "decoder_sinal" for hierarchy "decoder_sinal:inst8"
Info (12128): Elaborating entity "decoder_OP" for hierarchy "decoder_OP:inst4"
Info (278001): Inferred 3 megafunctions from design logic
    Info (278004): Inferred divider/modulo megafunction ("lpm_divide") from the following logic: "separador:inst7|Mod0"
    Info (278004): Inferred divider/modulo megafunction ("lpm_divide") from the following logic: "separador:inst7|Div0"
    Info (278003): Inferred multiplier megafunction ("lpm_mult") from the following logic: "operador:inst12|Mult0"
Info (12130): Elaborated megafunction instantiation "separador:inst7|lpm_divide:Mod0"
Info (12133): Instantiated megafunction "separador:inst7|lpm_divide:Mod0" with the following parameter:
    Info (12134): Parameter "LPM_WIDTHN" = "8"
    Info (12134): Parameter "LPM_WIDTHD" = "4"
    Info (12134): Parameter "LPM_NREPRESENTATION" = "UNSIGNED"
    Info (12134): Parameter "LPM_DREPRESENTATION" = "UNSIGNED"
Info (12021): Found 1 design units, including 1 entities, in source file db/lpm_divide_45m.tdf
    Info (12023): Found entity 1: lpm_divide_45m
Info (12021): Found 1 design units, including 1 entities, in source file db/sign_div_unsign_bkh.tdf
    Info (12023): Found entity 1: sign_div_unsign_bkh
Info (12021): Found 1 design units, including 1 entities, in source file db/alt_u_div_ove.tdf
    Info (12023): Found entity 1: alt_u_div_ove
Info (12021): Found 1 design units, including 1 entities, in source file db/add_sub_lkc.tdf
    Info (12023): Found entity 1: add_sub_lkc
Info (12021): Found 1 design units, including 1 entities, in source file db/add_sub_mkc.tdf
    Info (12023): Found entity 1: add_sub_mkc
Info (12130): Elaborated megafunction instantiation "separador:inst7|lpm_divide:Div0"
Info (12133): Instantiated megafunction "separador:inst7|lpm_divide:Div0" with the following parameter:
    Info (12134): Parameter "LPM_WIDTHN" = "32"
    Info (12134): Parameter "LPM_WIDTHD" = "4"
    Info (12134): Parameter "LPM_NREPRESENTATION" = "UNSIGNED"
    Info (12134): Parameter "LPM_DREPRESENTATION" = "UNSIGNED"
Info (12021): Found 1 design units, including 1 entities, in source file db/lpm_divide_eem.tdf
    Info (12023): Found entity 1: lpm_divide_eem
Info (12021): Found 1 design units, including 1 entities, in source file db/sign_div_unsign_olh.tdf
    Info (12023): Found entity 1: sign_div_unsign_olh
Info (12021): Found 1 design units, including 1 entities, in source file db/alt_u_div_i2f.tdf
    Info (12023): Found entity 1: alt_u_div_i2f
Info (12130): Elaborated megafunction instantiation "operador:inst12|lpm_mult:Mult0"
Info (12133): Instantiated megafunction "operador:inst12|lpm_mult:Mult0" with the following parameter:
    Info (12134): Parameter "LPM_WIDTHA" = "4"
    Info (12134): Parameter "LPM_WIDTHB" = "4"
    Info (12134): Parameter "LPM_WIDTHP" = "8"
    Info (12134): Parameter "LPM_WIDTHR" = "8"
    Info (12134): Parameter "LPM_WIDTHS" = "1"
    Info (12134): Parameter "LPM_REPRESENTATION" = "UNSIGNED"
    Info (12134): Parameter "INPUT_A_IS_CONSTANT" = "NO"
    Info (12134): Parameter "INPUT_B_IS_CONSTANT" = "NO"
    Info (12134): Parameter "MAXIMIZE_SPEED" = "5"
Info (12021): Found 1 design units, including 1 entities, in source file db/mult_14t.tdf
    Info (12023): Found entity 1: mult_14t
Warning (14284): Synthesized away the following node(s):
    Warning (14285): Synthesized away the following LCELL buffer node(s):
        Warning (14320): Synthesized away node "operador:inst12|lpm_mult:Mult0|mult_14t:auto_generated|le5a[4]"
Info (13014): Ignored 48 buffer(s)
    Info (13016): Ignored 4 CARRY_SUM buffer(s)
    Info (13019): Ignored 44 SOFT buffer(s)
Warning (13034): The following nodes have both tri-state and non-tri-state drivers
    Warning (13035): Inserted always-enabled tri-state buffer between "GPIO_1[25]" and its non-tri-state driver.
    Warning (13035): Inserted always-enabled tri-state buffer between "GPIO_1[23]" and its non-tri-state driver.
    Warning (13035): Inserted always-enabled tri-state buffer between "GPIO_1[21]" and its non-tri-state driver.
    Warning (13035): Inserted always-enabled tri-state buffer between "GPIO_1[19]" and its non-tri-state driver.
Warning (13039): The following bidir pins have no drivers
    Warning (13040): Bidir "GPIO_1" has no driver
    Warning (13040): Bidir "GPIO_1" has no driver
    Warning (13040): Bidir "GPIO_1" has no driver
    Warning (13040): Bidir "GPIO_1" has no driver
    Warning (13040): Bidir "GPIO_1" has no driver
    Warning (13040): Bidir "GPIO_1" has no driver
    Warning (13040): Bidir "GPIO_1" has no driver
    Warning (13040): Bidir "GPIO_1" has no driver
    Warning (13040): Bidir "GPIO_1" has no driver
    Warning (13040): Bidir "GPIO_1" has no driver
    Warning (13040): Bidir "GPIO_1" has no driver
    Warning (13040): Bidir "GPIO_1" has no driver
    Warning (13040): Bidir "GPIO_1" has no driver
    Warning (13040): Bidir "GPIO_1" has no driver
    Warning (13040): Bidir "GPIO_1" has no driver
    Warning (13040): Bidir "GPIO_1" has no driver
    Warning (13040): Bidir "GPIO_1" has no driver
    Warning (13040): Bidir "GPIO_1" has no driver
    Warning (13040): Bidir "GPIO_1" has no driver
    Warning (13040): Bidir "GPIO_1" has no driver
    Warning (13040): Bidir "GPIO_1" has no driver
    Warning (13040): Bidir "GPIO_1" has no driver
    Warning (13040): Bidir "GPIO_1" has no driver
    Warning (13040): Bidir "GPIO_1" has no driver
    Warning (13040): Bidir "GPIO_1" has no driver
    Warning (13040): Bidir "GPIO_1" has no driver
    Warning (13040): Bidir "GPIO_1" has no driver
    Warning (13040): Bidir "GPIO_1" has no driver
    Warning (13040): Bidir "GPIO_1" has no driver
    Warning (13040): Bidir "GPIO_1" has no driver
    Warning (13040): Bidir "GPIO_1" has no driver
    Warning (13040): Bidir "GPIO_1" has no driver
Warning (13012): Latch operador:inst12|result[0] has unsafe behavior
    Warning (13013): Ports D and ENA on the latch are fed by the same signal maquina:inst|ROM:inst1|OP[2]
Warning (13012): Latch operador:inst12|result[1] has unsafe behavior
    Warning (13013): Ports D and ENA on the latch are fed by the same signal maquina:inst|ROM:inst1|OP[2]
Warning (13012): Latch operador:inst12|result[7] has unsafe behavior
    Warning (13013): Ports D and ENA on the latch are fed by the same signal maquina:inst|ROM:inst1|OP[2]
Warning (13012): Latch operador:inst12|result[2] has unsafe behavior
    Warning (13013): Ports D and ENA on the latch are fed by the same signal maquina:inst|ROM:inst1|OP[2]
Warning (13012): Latch operador:inst12|result[3] has unsafe behavior
    Warning (13013): Ports D and ENA on the latch are fed by the same signal maquina:inst|ROM:inst1|OP[2]
Warning (13012): Latch maquina:inst|ROM:inst1|N2[0] has unsafe behavior
    Warning (13013): Ports D and ENA on the latch are fed by the same signal maquina:inst|inst2
Warning (13012): Latch maquina:inst|ROM:inst1|N2[1] has unsafe behavior
    Warning (13013): Ports D and ENA on the latch are fed by the same signal maquina:inst|inst2
Warning (13012): Latch maquina:inst|ROM:inst1|N2[2] has unsafe behavior
    Warning (13013): Ports D and ENA on the latch are fed by the same signal maquina:inst|inst2
Warning (13012): Latch maquina:inst|ROM:inst1|N2[3] has unsafe behavior
    Warning (13013): Ports D and ENA on the latch are fed by the same signal teclado:inst5|controlador:U0|tecla[3]
Warning (13012): Latch maquina:inst|ROM:inst1|N1[0] has unsafe behavior
    Warning (13013): Ports D and ENA on the latch are fed by the same signal teclado:inst5|controlador:U0|Debouncer:d0|State
Warning (13012): Latch maquina:inst|ROM:inst1|N1[1] has unsafe behavior
    Warning (13013): Ports D and ENA on the latch are fed by the same signal teclado:inst5|controlador:U0|tecla[1]
Warning (13012): Latch maquina:inst|ROM:inst1|N1[2] has unsafe behavior
    Warning (13013): Ports D and ENA on the latch are fed by the same signal teclado:inst5|controlador:U0|tecla[2]
Warning (13012): Latch maquina:inst|ROM:inst1|N1[3] has unsafe behavior
    Warning (13013): Ports D and ENA on the latch are fed by the same signal teclado:inst5|controlador:U0|tecla[3]
Warning (13012): Latch maquina:inst|ROM:inst1|OP[1] has unsafe behavior
    Warning (13013): Ports D and ENA on the latch are fed by the same signal teclado:inst5|controlador:U0|tecla[1]
Warning (13012): Latch maquina:inst|ROM:inst1|OP[2] has unsafe behavior
    Warning (13013): Ports D and ENA on the latch are fed by the same signal teclado:inst5|controlador:U0|tecla[1]
Warning (13012): Latch maquina:inst|ROM:inst1|OP[0] has unsafe behavior
    Warning (13013): Ports D and ENA on the latch are fed by the same signal teclado:inst5|controlador:U0|tecla[0]
Warning (13012): Latch maquina:inst|ROM:inst1|E has unsafe behavior
    Warning (13013): Ports D and ENA on the latch are fed by the same signal maquina:inst|inst
Warning (13012): Latch operador:inst12|result[4] has unsafe behavior
    Warning (13013): Ports D and ENA on the latch are fed by the same signal maquina:inst|ROM:inst1|OP[2]
Warning (13012): Latch operador:inst12|result[5] has unsafe behavior
    Warning (13013): Ports D and ENA on the latch are fed by the same signal maquina:inst|ROM:inst1|OP[2]
Warning (13012): Latch operador:inst12|result[6] has unsafe behavior
    Warning (13013): Ports D and ENA on the latch are fed by the same signal maquina:inst|ROM:inst1|OP[2]
Warning (13009): TRI or OPNDRN buffers permanently enabled
    Warning (13010): Node "GPIO_1~synth"
    Warning (13010): Node "GPIO_1~synth"
    Warning (13010): Node "GPIO_1~synth"
    Warning (13010): Node "GPIO_1~synth"
Warning (13024): Output pins are stuck at VCC or GND
    Warning (13410): Pin "HEX3[6]" is stuck at VCC
    Warning (13410): Pin "HEX3[5]" is stuck at GND
    Warning (13410): Pin "HEX3[4]" is stuck at GND
    Warning (13410): Pin "HEX3[3]" is stuck at GND
    Warning (13410): Pin "HEX3[2]" is stuck at GND
    Warning (13410): Pin "HEX3[1]" is stuck at GND
    Warning (13410): Pin "HEX3[0]" is stuck at GND
    Warning (13410): Pin "HEX5[6]" is stuck at VCC
    Warning (13410): Pin "HEX5[5]" is stuck at GND
    Warning (13410): Pin "HEX5[4]" is stuck at GND
    Warning (13410): Pin "HEX5[3]" is stuck at GND
    Warning (13410): Pin "HEX5[2]" is stuck at GND
    Warning (13410): Pin "HEX5[1]" is stuck at GND
    Warning (13410): Pin "HEX5[0]" is stuck at GND
    Warning (13410): Pin "HEX7[6]" is stuck at VCC
    Warning (13410): Pin "HEX7[5]" is stuck at GND
    Warning (13410): Pin "HEX7[4]" is stuck at GND
    Warning (13410): Pin "HEX7[3]" is stuck at GND
    Warning (13410): Pin "HEX7[2]" is stuck at GND
    Warning (13410): Pin "HEX7[1]" is stuck at GND
    Warning (13410): Pin "HEX7[0]" is stuck at GND
    Warning (13410): Pin "LEDG[7]" is stuck at GND
    Warning (13410): Pin "LEDG[6]" is stuck at GND
    Warning (13410): Pin "LEDG[5]" is stuck at GND
    Warning (13410): Pin "LEDG[4]" is stuck at GND
    Warning (13410): Pin "LEDG[3]" is stuck at GND
    Warning (13410): Pin "LEDG[2]" is stuck at GND
    Warning (13410): Pin "LEDR[13]" is stuck at GND
    Warning (13410): Pin "LEDR[8]" is stuck at GND
    Warning (13410): Pin "LEDR[7]" is stuck at GND
    Warning (13410): Pin "LEDR[6]" is stuck at GND
    Warning (13410): Pin "LEDR[5]" is stuck at GND
    Warning (13410): Pin "LEDR[4]" is stuck at GND
    Warning (13410): Pin "LEDR[3]" is stuck at GND
    Warning (13410): Pin "LEDR[2]" is stuck at GND
    Warning (13410): Pin "LEDR[1]" is stuck at GND
    Warning (13410): Pin "LEDR[0]" is stuck at GND
Info (144001): Generated suppressed messages file /home/will/Documents/UnB/Disciplinas/LCL/projeto/Projeto_A10/output_files/fsmtec.map.smsg
Info (16010): Generating hard_block partition "hard_block:auto_generated_inst"
    Info (16011): Adding 0 node(s), including 0 DDIO, 0 PLL, 0 transceiver and 0 LCELL
Info (21057): Implemented 660 device resources after synthesis - the final resource count might be different
    Info (21058): Implemented 2 input pins
    Info (21059): Implemented 83 output pins
    Info (21060): Implemented 36 bidirectional pins
    Info (21061): Implemented 539 logic cells
Info: Quartus II 64-Bit Analysis & Synthesis was successful. 0 errors, 140 warnings
    Info: Peak virtual memory: 626 megabytes
    Info: Processing ended: Fri Feb 17 20:21:18 2023
    Info: Elapsed time: 00:00:02
    Info: Total CPU time (on all processors): 00:00:02


+------------------------------------------+
; Analysis & Synthesis Suppressed Messages ;
+------------------------------------------+
The suppressed messages can be found in /home/will/Documents/UnB/Disciplinas/LCL/projeto/Projeto_A10/output_files/fsmtec.map.smsg.


